  Determining projects to restore...
  All projects are up-to-date for restore.
  GeekStore.Core -> D:\DragonFly\GeekStore\backend\GeekStore.Core\bin\Debug\net9.0\GeekStore.Core.dll
  GeekStore.Application -> D:\DragonFly\GeekStore\backend\GeekStore.Application\bin\Debug\net9.0\GeekStore.Application.dll
D:\DragonFly\GeekStore\backend\GeekStore.Infrastructure\Data\GeekStoreDbContext.cs(2,17): error CS0234: The type or namespace name 'EntityFrameworkCore' does not exist in the namespace 'Microsoft' (are you missing an assembly reference?) [D:\DragonFly\GeekStore\backend\GeekStore.Infrastructure\GeekStore.Infrastructure.csproj]
D:\DragonFly\GeekStore\backend\GeekStore.Infrastructure\Repositories\ProductRepository.cs(4,17): error CS0234: The type or namespace name 'EntityFrameworkCore' does not exist in the namespace 'Microsoft' (are you missing an assembly reference?) [D:\DragonFly\GeekStore\backend\GeekStore.Infrastructure\GeekStore.Infrastructure.csproj]
D:\DragonFly\GeekStore\backend\GeekStore.Infrastructure\Repositories\Repository.cs(3,17): error CS0234: The type or namespace name 'EntityFrameworkCore' does not exist in the namespace 'Microsoft' (are you missing an assembly reference?) [D:\DragonFly\GeekStore\backend\GeekStore.Infrastructure\GeekStore.Infrastructure.csproj]
D:\DragonFly\GeekStore\backend\GeekStore.Infrastructure\Data\GeekStoreDbContext.cs(6,39): error CS0246: The type or namespace name 'DbContext' could not be found (are you missing a using directive or an assembly reference?) [D:\DragonFly\GeekStore\backend\GeekStore.Infrastructure\GeekStore.Infrastructure.csproj]
D:\DragonFly\GeekStore\backend\GeekStore.Infrastructure\Data\GeekStoreDbContext.cs(8,35): error CS0246: The type or namespace name 'DbContextOptions<>' could not be found (are you missing a using directive or an assembly reference?) [D:\DragonFly\GeekStore\backend\GeekStore.Infrastructure\GeekStore.Infrastructure.csproj]
D:\DragonFly\GeekStore\backend\GeekStore.Infrastructure\Data\GeekStoreDbContext.cs(12,16): error CS0246: The type or namespace name 'DbSet<>' could not be found (are you missing a using directive or an assembly reference?) [D:\DragonFly\GeekStore\backend\GeekStore.Infrastructure\GeekStore.Infrastructure.csproj]
D:\DragonFly\GeekStore\backend\GeekStore.Infrastructure\Data\GeekStoreDbContext.cs(13,16): error CS0246: The type or namespace name 'DbSet<>' could not be found (are you missing a using directive or an assembly reference?) [D:\DragonFly\GeekStore\backend\GeekStore.Infrastructure\GeekStore.Infrastructure.csproj]
D:\DragonFly\GeekStore\backend\GeekStore.Infrastructure\Data\GeekStoreDbContext.cs(14,16): error CS0246: The type or namespace name 'DbSet<>' could not be found (are you missing a using directive or an assembly reference?) [D:\DragonFly\GeekStore\backend\GeekStore.Infrastructure\GeekStore.Infrastructure.csproj]
D:\DragonFly\GeekStore\backend\GeekStore.Infrastructure\Data\GeekStoreDbContext.cs(16,49): error CS0246: The type or namespace name 'ModelBuilder' could not be found (are you missing a using directive or an assembly reference?) [D:\DragonFly\GeekStore\backend\GeekStore.Infrastructure\GeekStore.Infrastructure.csproj]

Build FAILED.

D:\DragonFly\GeekStore\backend\GeekStore.Infrastructure\Data\GeekStoreDbContext.cs(2,17): error CS0234: The type or namespace name 'EntityFrameworkCore' does not exist in the namespace 'Microsoft' (are you missing an assembly reference?) [D:\DragonFly\GeekStore\backend\GeekStore.Infrastructure\GeekStore.Infrastructure.csproj]
D:\DragonFly\GeekStore\backend\GeekStore.Infrastructure\Repositories\ProductRepository.cs(4,17): error CS0234: The type or namespace name 'EntityFrameworkCore' does not exist in the namespace 'Microsoft' (are you missing an assembly reference?) [D:\DragonFly\GeekStore\backend\GeekStore.Infrastructure\GeekStore.Infrastructure.csproj]
D:\DragonFly\GeekStore\backend\GeekStore.Infrastructure\Repositories\Repository.cs(3,17): error CS0234: The type or namespace name 'EntityFrameworkCore' does not exist in the namespace 'Microsoft' (are you missing an assembly reference?) [D:\DragonFly\GeekStore\backend\GeekStore.Infrastructure\GeekStore.Infrastructure.csproj]
D:\DragonFly\GeekStore\backend\GeekStore.Infrastructure\Data\GeekStoreDbContext.cs(6,39): error CS0246: The type or namespace name 'DbContext' could not be found (are you missing a using directive or an assembly reference?) [D:\DragonFly\GeekStore\backend\GeekStore.Infrastructure\GeekStore.Infrastructure.csproj]
D:\DragonFly\GeekStore\backend\GeekStore.Infrastructure\Data\GeekStoreDbContext.cs(8,35): error CS0246: The type or namespace name 'DbContextOptions<>' could not be found (are you missing a using directive or an assembly reference?) [D:\DragonFly\GeekStore\backend\GeekStore.Infrastructure\GeekStore.Infrastructure.csproj]
D:\DragonFly\GeekStore\backend\GeekStore.Infrastructure\Data\GeekStoreDbContext.cs(12,16): error CS0246: The type or namespace name 'DbSet<>' could not be found (are you missing a using directive or an assembly reference?) [D:\DragonFly\GeekStore\backend\GeekStore.Infrastructure\GeekStore.Infrastructure.csproj]
D:\DragonFly\GeekStore\backend\GeekStore.Infrastructure\Data\GeekStoreDbContext.cs(13,16): error CS0246: The type or namespace name 'DbSet<>' could not be found (are you missing a using directive or an assembly reference?) [D:\DragonFly\GeekStore\backend\GeekStore.Infrastructure\GeekStore.Infrastructure.csproj]
D:\DragonFly\GeekStore\backend\GeekStore.Infrastructure\Data\GeekStoreDbContext.cs(14,16): error CS0246: The type or namespace name 'DbSet<>' could not be found (are you missing a using directive or an assembly reference?) [D:\DragonFly\GeekStore\backend\GeekStore.Infrastructure\GeekStore.Infrastructure.csproj]
D:\DragonFly\GeekStore\backend\GeekStore.Infrastructure\Data\GeekStoreDbContext.cs(16,49): error CS0246: The type or namespace name 'ModelBuilder' could not be found (are you missing a using directive or an assembly reference?) [D:\DragonFly\GeekStore\backend\GeekStore.Infrastructure\GeekStore.Infrastructure.csproj]
    0 Warning(s)
    9 Error(s)

Time Elapsed 00:00:05.39

Workload updates are available. Run `dotnet workload list` for more information.
